{"D:\\Student\\Year4\\HK2\\New Technology\\DoAnCNM\\backend\\src\\helpers\\winston.log.js": {"path":"D:\\Student\\Year4\\HK2\\New Technology\\DoAnCNM\\backend\\src\\helpers\\winston.log.js","statementMap":{"0":{"start":{"line":4,"column":49},"end":{"line":4,"column":63}},"1":{"start":{"line":5,"column":15},"end":{"line":11,"column":1}},"2":{"start":{"line":12,"column":14},"end":{"line":16,"column":1}},"3":{"start":{"line":13,"column":14},"end":{"line":13,"column":51}},"4":{"start":{"line":14,"column":24},"end":{"line":14,"column":45}},"5":{"start":{"line":15,"column":2},"end":{"line":15,"column":42}},"6":{"start":{"line":17,"column":15},"end":{"line":23,"column":1}},"7":{"start":{"line":24,"column":0},"end":{"line":24,"column":26}},"8":{"start":{"line":26,"column":19},"end":{"line":60,"column":1}},"9":{"start":{"line":34,"column":23},"end":{"line":34,"column":75}},"10":{"start":{"line":61,"column":15},"end":{"line":69,"column":2}},"11":{"start":{"line":66,"column":21},"end":{"line":66,"column":73}}},"fnMap":{"0":{"name":"(anonymous_0)","decl":{"start":{"line":12,"column":14},"end":{"line":12,"column":15}},"loc":{"start":{"line":12,"column":20},"end":{"line":16,"column":1}},"line":12},"1":{"name":"(anonymous_1)","decl":{"start":{"line":34,"column":13},"end":{"line":34,"column":14}},"loc":{"start":{"line":34,"column":23},"end":{"line":34,"column":75}},"line":34},"2":{"name":"(anonymous_2)","decl":{"start":{"line":66,"column":11},"end":{"line":66,"column":12}},"loc":{"start":{"line":66,"column":21},"end":{"line":66,"column":73}},"line":66}},"branchMap":{"0":{"loc":{"start":{"line":13,"column":14},"end":{"line":13,"column":51}},"type":"binary-expr","locations":[{"start":{"line":13,"column":14},"end":{"line":13,"column":34}},{"start":{"line":13,"column":38},"end":{"line":13,"column":51}}],"line":13},"1":{"loc":{"start":{"line":15,"column":9},"end":{"line":15,"column":41}},"type":"cond-expr","locations":[{"start":{"line":15,"column":25},"end":{"line":15,"column":32}},{"start":{"line":15,"column":35},"end":{"line":15,"column":41}}],"line":15}},"s":{"0":2,"1":2,"2":2,"3":2,"4":2,"5":2,"6":2,"7":2,"8":2,"9":0,"10":2,"11":0},"f":{"0":2,"1":0,"2":0},"b":{"0":[2,0],"1":[0,2]},"_coverageSchema":"1a1c01bbd47fc00a2c39e90264f33305004495a9","hash":"604a105a9b3b1a7df420971a368e29d1e4260492"}
,"D:\\Student\\Year4\\HK2\\New Technology\\DoAnCNM\\backend\\src\\models\\conversation.model.js": {"path":"D:\\Student\\Year4\\HK2\\New Technology\\DoAnCNM\\backend\\src\\models\\conversation.model.js","statementMap":{"0":{"start":{"line":2,"column":27},"end":{"line":32,"column":1}},"1":{"start":{"line":33,"column":21},"end":{"line":33,"column":71}}},"fnMap":{},"branchMap":{},"s":{"0":4,"1":4},"f":{},"b":{},"_coverageSchema":"1a1c01bbd47fc00a2c39e90264f33305004495a9","hash":"a2f34a63aee0217d03009348b83718175da67ed4"}
,"D:\\Student\\Year4\\HK2\\New Technology\\DoAnCNM\\backend\\src\\models\\group.model.js": {"path":"D:\\Student\\Year4\\HK2\\New Technology\\DoAnCNM\\backend\\src\\models\\group.model.js","statementMap":{"0":{"start":{"line":2,"column":20},"end":{"line":30,"column":1}},"1":{"start":{"line":31,"column":14},"end":{"line":31,"column":50}}},"fnMap":{},"branchMap":{},"s":{"0":3,"1":3},"f":{},"b":{},"_coverageSchema":"1a1c01bbd47fc00a2c39e90264f33305004495a9","hash":"f621c462aaae7ef49739c69b555a09184b7b4571"}
,"D:\\Student\\Year4\\HK2\\New Technology\\DoAnCNM\\backend\\src\\models\\message.model.js": {"path":"D:\\Student\\Year4\\HK2\\New Technology\\DoAnCNM\\backend\\src\\models\\message.model.js","statementMap":{"0":{"start":{"line":3,"column":22},"end":{"line":40,"column":1}},"1":{"start":{"line":41,"column":16},"end":{"line":41,"column":56}}},"fnMap":{},"branchMap":{},"s":{"0":2,"1":2},"f":{},"b":{},"_coverageSchema":"1a1c01bbd47fc00a2c39e90264f33305004495a9","hash":"ca08e013d90b8f9f17c06277b36ec65235f731d6"}
,"D:\\Student\\Year4\\HK2\\New Technology\\DoAnCNM\\backend\\src\\models\\otp.model.js": {"path":"D:\\Student\\Year4\\HK2\\New Technology\\DoAnCNM\\backend\\src\\models\\otp.model.js","statementMap":{"0":{"start":{"line":4,"column":17},"end":{"line":15,"column":2}},"1":{"start":{"line":17,"column":12},"end":{"line":17,"column":43}}},"fnMap":{},"branchMap":{},"s":{"0":1,"1":1},"f":{},"b":{},"_coverageSchema":"1a1c01bbd47fc00a2c39e90264f33305004495a9","hash":"7425ab2ebf6ff87f0cff3e1c78b192fdf2214f3e"}
,"D:\\Student\\Year4\\HK2\\New Technology\\DoAnCNM\\backend\\src\\models\\user.model.js": {"path":"D:\\Student\\Year4\\HK2\\New Technology\\DoAnCNM\\backend\\src\\models\\user.model.js","statementMap":{"0":{"start":{"line":2,"column":19},"end":{"line":72,"column":1}},"1":{"start":{"line":73,"column":13},"end":{"line":73,"column":47}}},"fnMap":{},"branchMap":{},"s":{"0":3,"1":3},"f":{},"b":{},"_coverageSchema":"1a1c01bbd47fc00a2c39e90264f33305004495a9","hash":"95c58c92d2b12a7163752fa23c88daffccceb297"}
,"D:\\Student\\Year4\\HK2\\New Technology\\DoAnCNM\\backend\\src\\services\\admin.service.js": {"path":"D:\\Student\\Year4\\HK2\\New Technology\\DoAnCNM\\backend\\src\\services\\admin.service.js","statementMap":{"0":{"start":{"line":7,"column":30},"end":{"line":31,"column":1}},"1":{"start":{"line":8,"column":2},"end":{"line":30,"column":3}},"2":{"start":{"line":9,"column":18},"end":{"line":9,"column":47}},"3":{"start":{"line":10,"column":25},"end":{"line":10,"column":57}},"4":{"start":{"line":11,"column":30},"end":{"line":11,"column":67}},"5":{"start":{"line":12,"column":23},"end":{"line":12,"column":53}},"6":{"start":{"line":13,"column":4},"end":{"line":22,"column":6}},"7":{"start":{"line":24,"column":4},"end":{"line":24,"column":32}},"8":{"start":{"line":25,"column":4},"end":{"line":29,"column":6}},"9":{"start":{"line":32,"column":33},"end":{"line":50,"column":1}},"10":{"start":{"line":33,"column":2},"end":{"line":49,"column":3}},"11":{"start":{"line":34,"column":18},"end":{"line":36,"column":5}},"12":{"start":{"line":37,"column":4},"end":{"line":41,"column":6}},"13":{"start":{"line":43,"column":4},"end":{"line":43,"column":32}},"14":{"start":{"line":44,"column":4},"end":{"line":48,"column":6}},"15":{"start":{"line":51,"column":47},"end":{"line":67,"column":1}},"16":{"start":{"line":52,"column":2},"end":{"line":66,"column":3}},"17":{"start":{"line":53,"column":21},"end":{"line":53,"column":61}},"18":{"start":{"line":54,"column":4},"end":{"line":58,"column":6}},"19":{"start":{"line":60,"column":4},"end":{"line":60,"column":32}},"20":{"start":{"line":61,"column":4},"end":{"line":65,"column":6}},"21":{"start":{"line":68,"column":43},"end":{"line":87,"column":1}},"22":{"start":{"line":69,"column":2},"end":{"line":86,"column":3}},"23":{"start":{"line":70,"column":21},"end":{"line":73,"column":6}},"24":{"start":{"line":74,"column":4},"end":{"line":78,"column":6}},"25":{"start":{"line":80,"column":4},"end":{"line":80,"column":32}},"26":{"start":{"line":81,"column":4},"end":{"line":85,"column":6}},"27":{"start":{"line":89,"column":51},"end":{"line":122,"column":1}},"28":{"start":{"line":94,"column":2},"end":{"line":121,"column":3}},"29":{"start":{"line":96,"column":4},"end":{"line":96,"column":22}},"30":{"start":{"line":98,"column":22},"end":{"line":98,"column":43}},"31":{"start":{"line":99,"column":20},"end":{"line":99,"column":45}},"32":{"start":{"line":101,"column":20},"end":{"line":107,"column":50}},"33":{"start":{"line":109,"column":4},"end":{"line":113,"column":6}},"34":{"start":{"line":115,"column":4},"end":{"line":115,"column":32}},"35":{"start":{"line":116,"column":4},"end":{"line":120,"column":6}},"36":{"start":{"line":124,"column":42},"end":{"line":148,"column":1}},"37":{"start":{"line":125,"column":2},"end":{"line":147,"column":3}},"38":{"start":{"line":126,"column":4},"end":{"line":126,"column":22}},"39":{"start":{"line":127,"column":22},"end":{"line":127,"column":43}},"40":{"start":{"line":128,"column":20},"end":{"line":128,"column":45}},"41":{"start":{"line":129,"column":18},"end":{"line":134,"column":32}},"42":{"start":{"line":135,"column":4},"end":{"line":139,"column":6}},"43":{"start":{"line":141,"column":4},"end":{"line":141,"column":32}},"44":{"start":{"line":142,"column":4},"end":{"line":146,"column":6}},"45":{"start":{"line":150,"column":45},"end":{"line":191,"column":1}},"46":{"start":{"line":151,"column":2},"end":{"line":190,"column":3}},"47":{"start":{"line":153,"column":26},"end":{"line":175,"column":6}},"48":{"start":{"line":178,"column":4},"end":{"line":182,"column":6}},"49":{"start":{"line":185,"column":4},"end":{"line":189,"column":6}}},"fnMap":{"0":{"name":"(anonymous_0)","decl":{"start":{"line":7,"column":30},"end":{"line":7,"column":31}},"loc":{"start":{"line":7,"column":42},"end":{"line":31,"column":1}},"line":7},"1":{"name":"(anonymous_1)","decl":{"start":{"line":32,"column":33},"end":{"line":32,"column":34}},"loc":{"start":{"line":32,"column":50},"end":{"line":50,"column":1}},"line":32},"2":{"name":"(anonymous_2)","decl":{"start":{"line":51,"column":47},"end":{"line":51,"column":48}},"loc":{"start":{"line":51,"column":65},"end":{"line":67,"column":1}},"line":51},"3":{"name":"(anonymous_3)","decl":{"start":{"line":68,"column":43},"end":{"line":68,"column":44}},"loc":{"start":{"line":68,"column":61},"end":{"line":87,"column":1}},"line":68},"4":{"name":"(anonymous_4)","decl":{"start":{"line":89,"column":51},"end":{"line":89,"column":52}},"loc":{"start":{"line":93,"column":5},"end":{"line":122,"column":1}},"line":93},"5":{"name":"(anonymous_5)","decl":{"start":{"line":124,"column":42},"end":{"line":124,"column":43}},"loc":{"start":{"line":124,"column":65},"end":{"line":148,"column":1}},"line":124},"6":{"name":"(anonymous_6)","decl":{"start":{"line":150,"column":45},"end":{"line":150,"column":46}},"loc":{"start":{"line":150,"column":63},"end":{"line":191,"column":1}},"line":150}},"branchMap":{"0":{"loc":{"start":{"line":181,"column":10},"end":{"line":181,"column":67}},"type":"cond-expr","locations":[{"start":{"line":181,"column":37},"end":{"line":181,"column":63}},{"start":{"line":181,"column":66},"end":{"line":181,"column":67}}],"line":181}},"s":{"0":1,"1":1,"2":1,"3":1,"4":1,"5":1,"6":1,"7":0,"8":0,"9":1,"10":1,"11":1,"12":1,"13":0,"14":0,"15":1,"16":0,"17":0,"18":0,"19":0,"20":0,"21":1,"22":1,"23":1,"24":1,"25":0,"26":0,"27":1,"28":1,"29":1,"30":1,"31":1,"32":1,"33":1,"34":0,"35":0,"36":1,"37":1,"38":1,"39":1,"40":1,"41":1,"42":1,"43":0,"44":0,"45":1,"46":0,"47":0,"48":0,"49":0},"f":{"0":1,"1":1,"2":0,"3":1,"4":1,"5":1,"6":0},"b":{"0":[0,0]},"_coverageSchema":"1a1c01bbd47fc00a2c39e90264f33305004495a9","hash":"a86dcfc9ed3a5df1dc4f66c2e93f029a617743b8"}
,"D:\\Student\\Year4\\HK2\\New Technology\\DoAnCNM\\backend\\src\\services\\group.service.js": {"path":"D:\\Student\\Year4\\HK2\\New Technology\\DoAnCNM\\backend\\src\\services\\group.service.js","statementMap":{"0":{"start":{"line":4,"column":34},"end":{"line":57,"column":1}},"1":{"start":{"line":5,"column":2},"end":{"line":56,"column":3}},"2":{"start":{"line":6,"column":4},"end":{"line":12,"column":5}},"3":{"start":{"line":7,"column":6},"end":{"line":11,"column":8}},"4":{"start":{"line":14,"column":4},"end":{"line":20,"column":5}},"5":{"start":{"line":15,"column":6},"end":{"line":19,"column":8}},"6":{"start":{"line":21,"column":17},"end":{"line":21,"column":44}},"7":{"start":{"line":22,"column":18},"end":{"line":27,"column":6}},"8":{"start":{"line":30,"column":4},"end":{"line":30,"column":32}},"9":{"start":{"line":32,"column":4},"end":{"line":36,"column":7}},"10":{"start":{"line":33,"column":19},"end":{"line":33,"column":46}},"11":{"start":{"line":34,"column":6},"end":{"line":34,"column":34}},"12":{"start":{"line":35,"column":6},"end":{"line":35,"column":24}},"13":{"start":{"line":39,"column":25},"end":{"line":41,"column":6}},"14":{"start":{"line":42,"column":4},"end":{"line":42,"column":23}},"15":{"start":{"line":43,"column":4},"end":{"line":43,"column":22}},"16":{"start":{"line":44,"column":4},"end":{"line":44,"column":30}},"17":{"start":{"line":45,"column":4},"end":{"line":49,"column":6}},"18":{"start":{"line":51,"column":4},"end":{"line":55,"column":6}},"19":{"start":{"line":60,"column":39},"end":{"line":80,"column":1}},"20":{"start":{"line":61,"column":2},"end":{"line":79,"column":3}},"21":{"start":{"line":62,"column":19},"end":{"line":66,"column":44}},"22":{"start":{"line":68,"column":4},"end":{"line":72,"column":6}},"23":{"start":{"line":74,"column":4},"end":{"line":78,"column":6}},"24":{"start":{"line":82,"column":34},"end":{"line":123,"column":1}},"25":{"start":{"line":83,"column":2},"end":{"line":122,"column":3}},"26":{"start":{"line":84,"column":18},"end":{"line":84,"column":47}},"27":{"start":{"line":85,"column":4},"end":{"line":91,"column":5}},"28":{"start":{"line":86,"column":6},"end":{"line":90,"column":8}},"29":{"start":{"line":92,"column":21},"end":{"line":92,"column":33}},"30":{"start":{"line":93,"column":27},"end":{"line":93,"column":45}},"31":{"start":{"line":94,"column":22},"end":{"line":94,"column":35}},"32":{"start":{"line":96,"column":4},"end":{"line":109,"column":7}},"33":{"start":{"line":110,"column":4},"end":{"line":110,"column":67}},"34":{"start":{"line":111,"column":4},"end":{"line":115,"column":6}},"35":{"start":{"line":117,"column":4},"end":{"line":121,"column":6}},"36":{"start":{"line":125,"column":39},"end":{"line":155,"column":1}},"37":{"start":{"line":126,"column":2},"end":{"line":154,"column":3}},"38":{"start":{"line":127,"column":18},"end":{"line":127,"column":47}},"39":{"start":{"line":128,"column":4},"end":{"line":134,"column":5}},"40":{"start":{"line":129,"column":6},"end":{"line":133,"column":8}},"41":{"start":{"line":135,"column":4},"end":{"line":135,"column":32}},"42":{"start":{"line":137,"column":4},"end":{"line":141,"column":7}},"43":{"start":{"line":138,"column":19},"end":{"line":138,"column":46}},"44":{"start":{"line":139,"column":6},"end":{"line":139,"column":34}},"45":{"start":{"line":140,"column":6},"end":{"line":140,"column":24}},"46":{"start":{"line":142,"column":4},"end":{"line":142,"column":23}},"47":{"start":{"line":143,"column":4},"end":{"line":147,"column":6}},"48":{"start":{"line":149,"column":4},"end":{"line":153,"column":6}},"49":{"start":{"line":157,"column":44},"end":{"line":189,"column":1}},"50":{"start":{"line":158,"column":2},"end":{"line":188,"column":3}},"51":{"start":{"line":159,"column":18},"end":{"line":159,"column":47}},"52":{"start":{"line":160,"column":4},"end":{"line":166,"column":5}},"53":{"start":{"line":161,"column":6},"end":{"line":165,"column":8}},"54":{"start":{"line":167,"column":4},"end":{"line":169,"column":6}},"55":{"start":{"line":168,"column":18},"end":{"line":168,"column":46}},"56":{"start":{"line":170,"column":4},"end":{"line":172,"column":5}},"57":{"start":{"line":171,"column":6},"end":{"line":171,"column":32}},"58":{"start":{"line":173,"column":17},"end":{"line":173,"column":44}},"59":{"start":{"line":174,"column":4},"end":{"line":174,"column":78}},"60":{"start":{"line":174,"column":48},"end":{"line":174,"column":76}},"61":{"start":{"line":175,"column":4},"end":{"line":175,"column":22}},"62":{"start":{"line":176,"column":4},"end":{"line":176,"column":23}},"63":{"start":{"line":177,"column":4},"end":{"line":181,"column":6}},"64":{"start":{"line":183,"column":4},"end":{"line":187,"column":6}},"65":{"start":{"line":191,"column":38},"end":{"line":215,"column":1}},"66":{"start":{"line":192,"column":2},"end":{"line":214,"column":3}},"67":{"start":{"line":193,"column":18},"end":{"line":193,"column":47}},"68":{"start":{"line":194,"column":4},"end":{"line":200,"column":5}},"69":{"start":{"line":195,"column":6},"end":{"line":199,"column":8}},"70":{"start":{"line":201,"column":4},"end":{"line":201,"column":22}},"71":{"start":{"line":202,"column":4},"end":{"line":202,"column":23}},"72":{"start":{"line":203,"column":4},"end":{"line":207,"column":6}},"73":{"start":{"line":209,"column":4},"end":{"line":213,"column":6}},"74":{"start":{"line":217,"column":33},"end":{"line":249,"column":1}},"75":{"start":{"line":218,"column":2},"end":{"line":248,"column":3}},"76":{"start":{"line":219,"column":18},"end":{"line":219,"column":47}},"77":{"start":{"line":220,"column":4},"end":{"line":226,"column":5}},"78":{"start":{"line":221,"column":6},"end":{"line":225,"column":8}},"79":{"start":{"line":227,"column":4},"end":{"line":229,"column":6}},"80":{"start":{"line":228,"column":18},"end":{"line":228,"column":46}},"81":{"start":{"line":230,"column":4},"end":{"line":232,"column":5}},"82":{"start":{"line":231,"column":6},"end":{"line":231,"column":30}},"83":{"start":{"line":233,"column":17},"end":{"line":233,"column":44}},"84":{"start":{"line":234,"column":4},"end":{"line":234,"column":78}},"85":{"start":{"line":234,"column":48},"end":{"line":234,"column":76}},"86":{"start":{"line":235,"column":4},"end":{"line":235,"column":22}},"87":{"start":{"line":236,"column":4},"end":{"line":236,"column":23}},"88":{"start":{"line":237,"column":4},"end":{"line":241,"column":6}},"89":{"start":{"line":243,"column":4},"end":{"line":247,"column":6}},"90":{"start":{"line":251,"column":38},"end":{"line":281,"column":1}},"91":{"start":{"line":252,"column":2},"end":{"line":280,"column":3}},"92":{"start":{"line":253,"column":27},"end":{"line":256,"column":6}},"93":{"start":{"line":258,"column":4},"end":{"line":264,"column":5}},"94":{"start":{"line":259,"column":6},"end":{"line":263,"column":8}},"95":{"start":{"line":265,"column":19},"end":{"line":265,"column":40}},"96":{"start":{"line":266,"column":18},"end":{"line":266,"column":40}},"97":{"start":{"line":268,"column":4},"end":{"line":268,"column":35}},"98":{"start":{"line":269,"column":4},"end":{"line":273,"column":6}},"99":{"start":{"line":275,"column":4},"end":{"line":279,"column":6}},"100":{"start":{"line":283,"column":38},"end":{"line":312,"column":1}},"101":{"start":{"line":284,"column":2},"end":{"line":311,"column":3}},"102":{"start":{"line":286,"column":18},"end":{"line":289,"column":6}},"103":{"start":{"line":290,"column":4},"end":{"line":296,"column":5}},"104":{"start":{"line":291,"column":6},"end":{"line":295,"column":8}},"105":{"start":{"line":297,"column":4},"end":{"line":304,"column":6}},"106":{"start":{"line":306,"column":4},"end":{"line":310,"column":6}},"107":{"start":{"line":314,"column":41},"end":{"line":338,"column":1}},"108":{"start":{"line":315,"column":2},"end":{"line":337,"column":3}},"109":{"start":{"line":316,"column":18},"end":{"line":316,"column":47}},"110":{"start":{"line":317,"column":4},"end":{"line":323,"column":5}},"111":{"start":{"line":318,"column":6},"end":{"line":322,"column":8}},"112":{"start":{"line":324,"column":4},"end":{"line":324,"column":32}},"113":{"start":{"line":325,"column":4},"end":{"line":325,"column":23}},"114":{"start":{"line":326,"column":4},"end":{"line":330,"column":6}},"115":{"start":{"line":332,"column":4},"end":{"line":336,"column":6}},"116":{"start":{"line":340,"column":35},"end":{"line":366,"column":1}},"117":{"start":{"line":341,"column":2},"end":{"line":365,"column":3}},"118":{"start":{"line":342,"column":18},"end":{"line":345,"column":5}},"119":{"start":{"line":346,"column":4},"end":{"line":352,"column":5}},"120":{"start":{"line":347,"column":6},"end":{"line":351,"column":8}},"121":{"start":{"line":354,"column":4},"end":{"line":358,"column":6}},"122":{"start":{"line":360,"column":4},"end":{"line":364,"column":6}}},"fnMap":{"0":{"name":"(anonymous_0)","decl":{"start":{"line":4,"column":34},"end":{"line":4,"column":35}},"loc":{"start":{"line":4,"column":72},"end":{"line":57,"column":1}},"line":4},"1":{"name":"(anonymous_1)","decl":{"start":{"line":32,"column":20},"end":{"line":32,"column":21}},"loc":{"start":{"line":32,"column":38},"end":{"line":36,"column":5}},"line":32},"2":{"name":"(anonymous_2)","decl":{"start":{"line":60,"column":39},"end":{"line":60,"column":40}},"loc":{"start":{"line":60,"column":57},"end":{"line":80,"column":1}},"line":60},"3":{"name":"(anonymous_3)","decl":{"start":{"line":82,"column":34},"end":{"line":82,"column":35}},"loc":{"start":{"line":82,"column":53},"end":{"line":123,"column":1}},"line":82},"4":{"name":"(anonymous_4)","decl":{"start":{"line":125,"column":39},"end":{"line":125,"column":40}},"loc":{"start":{"line":125,"column":67},"end":{"line":155,"column":1}},"line":125},"5":{"name":"(anonymous_5)","decl":{"start":{"line":137,"column":20},"end":{"line":137,"column":21}},"loc":{"start":{"line":137,"column":38},"end":{"line":141,"column":5}},"line":137},"6":{"name":"(anonymous_6)","decl":{"start":{"line":157,"column":44},"end":{"line":157,"column":45}},"loc":{"start":{"line":157,"column":71},"end":{"line":189,"column":1}},"line":157},"7":{"name":"(anonymous_7)","decl":{"start":{"line":168,"column":6},"end":{"line":168,"column":7}},"loc":{"start":{"line":168,"column":18},"end":{"line":168,"column":46}},"line":168},"8":{"name":"(anonymous_8)","decl":{"start":{"line":174,"column":37},"end":{"line":174,"column":38}},"loc":{"start":{"line":174,"column":48},"end":{"line":174,"column":76}},"line":174},"9":{"name":"(anonymous_9)","decl":{"start":{"line":191,"column":38},"end":{"line":191,"column":39}},"loc":{"start":{"line":191,"column":63},"end":{"line":215,"column":1}},"line":191},"10":{"name":"(anonymous_10)","decl":{"start":{"line":217,"column":33},"end":{"line":217,"column":34}},"loc":{"start":{"line":217,"column":60},"end":{"line":249,"column":1}},"line":217},"11":{"name":"(anonymous_11)","decl":{"start":{"line":228,"column":6},"end":{"line":228,"column":7}},"loc":{"start":{"line":228,"column":18},"end":{"line":228,"column":46}},"line":228},"12":{"name":"(anonymous_12)","decl":{"start":{"line":234,"column":37},"end":{"line":234,"column":38}},"loc":{"start":{"line":234,"column":48},"end":{"line":234,"column":76}},"line":234},"13":{"name":"(anonymous_13)","decl":{"start":{"line":251,"column":38},"end":{"line":251,"column":39}},"loc":{"start":{"line":251,"column":57},"end":{"line":281,"column":1}},"line":251},"14":{"name":"(anonymous_14)","decl":{"start":{"line":283,"column":38},"end":{"line":283,"column":39}},"loc":{"start":{"line":283,"column":57},"end":{"line":312,"column":1}},"line":283},"15":{"name":"(anonymous_15)","decl":{"start":{"line":314,"column":41},"end":{"line":314,"column":42}},"loc":{"start":{"line":314,"column":68},"end":{"line":338,"column":1}},"line":314},"16":{"name":"(anonymous_16)","decl":{"start":{"line":340,"column":35},"end":{"line":340,"column":36}},"loc":{"start":{"line":340,"column":54},"end":{"line":366,"column":1}},"line":340}},"branchMap":{"0":{"loc":{"start":{"line":6,"column":4},"end":{"line":12,"column":5}},"type":"if","locations":[{"start":{"line":6,"column":4},"end":{"line":12,"column":5}},{"start":{},"end":{}}],"line":6},"1":{"loc":{"start":{"line":14,"column":4},"end":{"line":20,"column":5}},"type":"if","locations":[{"start":{"line":14,"column":4},"end":{"line":20,"column":5}},{"start":{},"end":{}}],"line":14},"2":{"loc":{"start":{"line":85,"column":4},"end":{"line":91,"column":5}},"type":"if","locations":[{"start":{"line":85,"column":4},"end":{"line":91,"column":5}},{"start":{},"end":{}}],"line":85},"3":{"loc":{"start":{"line":100,"column":6},"end":{"line":101,"column":79}},"type":"binary-expr","locations":[{"start":{"line":100,"column":6},"end":{"line":100,"column":20}},{"start":{"line":101,"column":8},"end":{"line":101,"column":79}}],"line":100},"4":{"loc":{"start":{"line":128,"column":4},"end":{"line":134,"column":5}},"type":"if","locations":[{"start":{"line":128,"column":4},"end":{"line":134,"column":5}},{"start":{},"end":{}}],"line":128},"5":{"loc":{"start":{"line":160,"column":4},"end":{"line":166,"column":5}},"type":"if","locations":[{"start":{"line":160,"column":4},"end":{"line":166,"column":5}},{"start":{},"end":{}}],"line":160},"6":{"loc":{"start":{"line":170,"column":4},"end":{"line":172,"column":5}},"type":"if","locations":[{"start":{"line":170,"column":4},"end":{"line":172,"column":5}},{"start":{},"end":{}}],"line":170},"7":{"loc":{"start":{"line":170,"column":8},"end":{"line":170,"column":70}},"type":"binary-expr","locations":[{"start":{"line":170,"column":8},"end":{"line":170,"column":26}},{"start":{"line":170,"column":30},"end":{"line":170,"column":70}}],"line":170},"8":{"loc":{"start":{"line":194,"column":4},"end":{"line":200,"column":5}},"type":"if","locations":[{"start":{"line":194,"column":4},"end":{"line":200,"column":5}},{"start":{},"end":{}}],"line":194},"9":{"loc":{"start":{"line":220,"column":4},"end":{"line":226,"column":5}},"type":"if","locations":[{"start":{"line":220,"column":4},"end":{"line":226,"column":5}},{"start":{},"end":{}}],"line":220},"10":{"loc":{"start":{"line":230,"column":4},"end":{"line":232,"column":5}},"type":"if","locations":[{"start":{"line":230,"column":4},"end":{"line":232,"column":5}},{"start":{},"end":{}}],"line":230},"11":{"loc":{"start":{"line":258,"column":4},"end":{"line":264,"column":5}},"type":"if","locations":[{"start":{"line":258,"column":4},"end":{"line":264,"column":5}},{"start":{},"end":{}}],"line":258},"12":{"loc":{"start":{"line":290,"column":4},"end":{"line":296,"column":5}},"type":"if","locations":[{"start":{"line":290,"column":4},"end":{"line":296,"column":5}},{"start":{},"end":{}}],"line":290},"13":{"loc":{"start":{"line":317,"column":4},"end":{"line":323,"column":5}},"type":"if","locations":[{"start":{"line":317,"column":4},"end":{"line":323,"column":5}},{"start":{},"end":{}}],"line":317},"14":{"loc":{"start":{"line":346,"column":4},"end":{"line":352,"column":5}},"type":"if","locations":[{"start":{"line":346,"column":4},"end":{"line":352,"column":5}},{"start":{},"end":{}}],"line":346}},"s":{"0":1,"1":3,"2":3,"3":1,"4":2,"5":1,"6":1,"7":1,"8":1,"9":1,"10":2,"11":2,"12":2,"13":1,"14":1,"15":1,"16":1,"17":1,"18":0,"19":1,"20":0,"21":0,"22":0,"23":0,"24":1,"25":0,"26":0,"27":0,"28":0,"29":0,"30":0,"31":0,"32":0,"33":0,"34":0,"35":0,"36":1,"37":3,"38":3,"39":2,"40":1,"41":1,"42":1,"43":2,"44":2,"45":2,"46":1,"47":1,"48":1,"49":1,"50":0,"51":0,"52":0,"53":0,"54":0,"55":0,"56":0,"57":0,"58":0,"59":0,"60":0,"61":0,"62":0,"63":0,"64":0,"65":1,"66":0,"67":0,"68":0,"69":0,"70":0,"71":0,"72":0,"73":0,"74":1,"75":0,"76":0,"77":0,"78":0,"79":0,"80":0,"81":0,"82":0,"83":0,"84":0,"85":0,"86":0,"87":0,"88":0,"89":0,"90":1,"91":0,"92":0,"93":0,"94":0,"95":0,"96":0,"97":0,"98":0,"99":0,"100":1,"101":0,"102":0,"103":0,"104":0,"105":0,"106":0,"107":1,"108":2,"109":2,"110":2,"111":1,"112":1,"113":1,"114":1,"115":0,"116":1,"117":2,"118":2,"119":2,"120":1,"121":1,"122":0},"f":{"0":3,"1":2,"2":0,"3":0,"4":3,"5":2,"6":0,"7":0,"8":0,"9":0,"10":0,"11":0,"12":0,"13":0,"14":0,"15":2,"16":2},"b":{"0":[1,2],"1":[1,1],"2":[0,0],"3":[0,0],"4":[1,1],"5":[0,0],"6":[0,0],"7":[0,0],"8":[0,0],"9":[0,0],"10":[0,0],"11":[0,0],"12":[0,0],"13":[1,1],"14":[1,1]},"_coverageSchema":"1a1c01bbd47fc00a2c39e90264f33305004495a9","hash":"afe166536ef8bf1469c9346e9440031856d6b465"}
,"D:\\Student\\Year4\\HK2\\New Technology\\DoAnCNM\\backend\\src\\services\\message.service.js": {"path":"D:\\Student\\Year4\\HK2\\New Technology\\DoAnCNM\\backend\\src\\services\\message.service.js","statementMap":{"0":{"start":{"line":5,"column":34},"end":{"line":48,"column":1}},"1":{"start":{"line":11,"column":2},"end":{"line":47,"column":3}},"2":{"start":{"line":13,"column":25},"end":{"line":15,"column":6}},"3":{"start":{"line":16,"column":4},"end":{"line":22,"column":5}},"4":{"start":{"line":17,"column":6},"end":{"line":21,"column":8}},"5":{"start":{"line":23,"column":23},"end":{"line":28,"column":6}},"6":{"start":{"line":29,"column":4},"end":{"line":29,"column":28}},"7":{"start":{"line":30,"column":29},"end":{"line":33,"column":5}},"8":{"start":{"line":34,"column":4},"end":{"line":34,"column":47}},"9":{"start":{"line":35,"column":4},"end":{"line":35,"column":30}},"10":{"start":{"line":36,"column":4},"end":{"line":40,"column":6}},"11":{"start":{"line":42,"column":4},"end":{"line":46,"column":6}},"12":{"start":{"line":50,"column":34},"end":{"line":80,"column":1}},"13":{"start":{"line":51,"column":2},"end":{"line":79,"column":3}},"14":{"start":{"line":52,"column":21},"end":{"line":66,"column":16}},"15":{"start":{"line":68,"column":4},"end":{"line":72,"column":6}},"16":{"start":{"line":74,"column":4},"end":{"line":78,"column":6}},"17":{"start":{"line":82,"column":36},"end":{"line":108,"column":1}},"18":{"start":{"line":83,"column":2},"end":{"line":107,"column":3}},"19":{"start":{"line":84,"column":21},"end":{"line":94,"column":55}},"20":{"start":{"line":95,"column":4},"end":{"line":99,"column":6}},"21":{"start":{"line":101,"column":4},"end":{"line":101,"column":67}},"22":{"start":{"line":102,"column":4},"end":{"line":106,"column":6}},"23":{"start":{"line":110,"column":36},"end":{"line":134,"column":1}},"24":{"start":{"line":111,"column":2},"end":{"line":133,"column":3}},"25":{"start":{"line":112,"column":20},"end":{"line":114,"column":6}},"26":{"start":{"line":115,"column":4},"end":{"line":121,"column":5}},"27":{"start":{"line":116,"column":6},"end":{"line":120,"column":8}},"28":{"start":{"line":122,"column":4},"end":{"line":126,"column":6}},"29":{"start":{"line":128,"column":4},"end":{"line":132,"column":6}},"30":{"start":{"line":136,"column":36},"end":{"line":165,"column":1}},"31":{"start":{"line":137,"column":2},"end":{"line":164,"column":3}},"32":{"start":{"line":138,"column":21},"end":{"line":138,"column":63}},"33":{"start":{"line":139,"column":4},"end":{"line":145,"column":5}},"34":{"start":{"line":140,"column":6},"end":{"line":144,"column":8}},"35":{"start":{"line":147,"column":25},"end":{"line":149,"column":6}},"36":{"start":{"line":150,"column":4},"end":{"line":150,"column":42}},"37":{"start":{"line":151,"column":4},"end":{"line":151,"column":30}},"38":{"start":{"line":152,"column":4},"end":{"line":156,"column":6}},"39":{"start":{"line":158,"column":4},"end":{"line":158,"column":23}},"40":{"start":{"line":159,"column":4},"end":{"line":163,"column":6}},"41":{"start":{"line":167,"column":39},"end":{"line":211,"column":1}},"42":{"start":{"line":173,"column":2},"end":{"line":210,"column":3}},"43":{"start":{"line":174,"column":23},"end":{"line":179,"column":6}},"44":{"start":{"line":180,"column":4},"end":{"line":180,"column":28}},"45":{"start":{"line":181,"column":29},"end":{"line":184,"column":5}},"46":{"start":{"line":186,"column":25},"end":{"line":188,"column":6}},"47":{"start":{"line":189,"column":4},"end":{"line":189,"column":50}},"48":{"start":{"line":190,"column":4},"end":{"line":196,"column":5}},"49":{"start":{"line":191,"column":6},"end":{"line":195,"column":8}},"50":{"start":{"line":197,"column":4},"end":{"line":197,"column":47}},"51":{"start":{"line":198,"column":4},"end":{"line":198,"column":30}},"52":{"start":{"line":199,"column":4},"end":{"line":203,"column":6}},"53":{"start":{"line":205,"column":4},"end":{"line":209,"column":6}},"54":{"start":{"line":213,"column":39},"end":{"line":244,"column":1}},"55":{"start":{"line":214,"column":2},"end":{"line":243,"column":3}},"56":{"start":{"line":215,"column":21},"end":{"line":224,"column":46}},"57":{"start":{"line":225,"column":4},"end":{"line":231,"column":5}},"58":{"start":{"line":226,"column":6},"end":{"line":230,"column":8}},"59":{"start":{"line":232,"column":4},"end":{"line":236,"column":6}},"60":{"start":{"line":238,"column":4},"end":{"line":242,"column":6}},"61":{"start":{"line":246,"column":37},"end":{"line":315,"column":1}},"62":{"start":{"line":252,"column":2},"end":{"line":314,"column":3}},"63":{"start":{"line":253,"column":20},"end":{"line":253,"column":53}},"64":{"start":{"line":254,"column":4},"end":{"line":260,"column":5}},"65":{"start":{"line":255,"column":6},"end":{"line":259,"column":8}},"66":{"start":{"line":261,"column":23},"end":{"line":267,"column":6}},"67":{"start":{"line":268,"column":4},"end":{"line":268,"column":28}},"68":{"start":{"line":269,"column":29},"end":{"line":272,"column":5}},"69":{"start":{"line":274,"column":4},"end":{"line":287,"column":5}},"70":{"start":{"line":275,"column":27},"end":{"line":277,"column":8}},"71":{"start":{"line":278,"column":6},"end":{"line":284,"column":7}},"72":{"start":{"line":279,"column":8},"end":{"line":283,"column":10}},"73":{"start":{"line":285,"column":6},"end":{"line":285,"column":49}},"74":{"start":{"line":286,"column":6},"end":{"line":286,"column":32}},"75":{"start":{"line":289,"column":4},"end":{"line":302,"column":5}},"76":{"start":{"line":290,"column":27},"end":{"line":292,"column":8}},"77":{"start":{"line":293,"column":6},"end":{"line":299,"column":7}},"78":{"start":{"line":294,"column":8},"end":{"line":298,"column":10}},"79":{"start":{"line":300,"column":6},"end":{"line":300,"column":49}},"80":{"start":{"line":301,"column":6},"end":{"line":301,"column":32}},"81":{"start":{"line":303,"column":4},"end":{"line":307,"column":6}},"82":{"start":{"line":309,"column":4},"end":{"line":313,"column":6}}},"fnMap":{"0":{"name":"(anonymous_0)","decl":{"start":{"line":5,"column":34},"end":{"line":5,"column":35}},"loc":{"start":{"line":10,"column":5},"end":{"line":48,"column":1}},"line":10},"1":{"name":"(anonymous_1)","decl":{"start":{"line":50,"column":34},"end":{"line":50,"column":35}},"loc":{"start":{"line":50,"column":76},"end":{"line":80,"column":1}},"line":50},"2":{"name":"(anonymous_2)","decl":{"start":{"line":82,"column":36},"end":{"line":82,"column":37}},"loc":{"start":{"line":82,"column":68},"end":{"line":108,"column":1}},"line":82},"3":{"name":"(anonymous_3)","decl":{"start":{"line":110,"column":36},"end":{"line":110,"column":37}},"loc":{"start":{"line":110,"column":67},"end":{"line":134,"column":1}},"line":110},"4":{"name":"(anonymous_4)","decl":{"start":{"line":136,"column":36},"end":{"line":136,"column":37}},"loc":{"start":{"line":136,"column":57},"end":{"line":165,"column":1}},"line":136},"5":{"name":"(anonymous_5)","decl":{"start":{"line":167,"column":39},"end":{"line":167,"column":40}},"loc":{"start":{"line":172,"column":5},"end":{"line":211,"column":1}},"line":172},"6":{"name":"(anonymous_6)","decl":{"start":{"line":213,"column":39},"end":{"line":213,"column":40}},"loc":{"start":{"line":213,"column":68},"end":{"line":244,"column":1}},"line":213},"7":{"name":"(anonymous_7)","decl":{"start":{"line":246,"column":37},"end":{"line":246,"column":38}},"loc":{"start":{"line":251,"column":5},"end":{"line":315,"column":1}},"line":251}},"branchMap":{"0":{"loc":{"start":{"line":16,"column":4},"end":{"line":22,"column":5}},"type":"if","locations":[{"start":{"line":16,"column":4},"end":{"line":22,"column":5}},{"start":{},"end":{}}],"line":16},"1":{"loc":{"start":{"line":50,"column":63},"end":{"line":50,"column":71}},"type":"default-arg","locations":[{"start":{"line":50,"column":70},"end":{"line":50,"column":71}}],"line":50},"2":{"loc":{"start":{"line":115,"column":4},"end":{"line":121,"column":5}},"type":"if","locations":[{"start":{"line":115,"column":4},"end":{"line":121,"column":5}},{"start":{},"end":{}}],"line":115},"3":{"loc":{"start":{"line":139,"column":4},"end":{"line":145,"column":5}},"type":"if","locations":[{"start":{"line":139,"column":4},"end":{"line":145,"column":5}},{"start":{},"end":{}}],"line":139},"4":{"loc":{"start":{"line":190,"column":4},"end":{"line":196,"column":5}},"type":"if","locations":[{"start":{"line":190,"column":4},"end":{"line":196,"column":5}},{"start":{},"end":{}}],"line":190},"5":{"loc":{"start":{"line":225,"column":4},"end":{"line":231,"column":5}},"type":"if","locations":[{"start":{"line":225,"column":4},"end":{"line":231,"column":5}},{"start":{},"end":{}}],"line":225},"6":{"loc":{"start":{"line":254,"column":4},"end":{"line":260,"column":5}},"type":"if","locations":[{"start":{"line":254,"column":4},"end":{"line":260,"column":5}},{"start":{},"end":{}}],"line":254},"7":{"loc":{"start":{"line":274,"column":4},"end":{"line":287,"column":5}},"type":"if","locations":[{"start":{"line":274,"column":4},"end":{"line":287,"column":5}},{"start":{},"end":{}}],"line":274},"8":{"loc":{"start":{"line":278,"column":6},"end":{"line":284,"column":7}},"type":"if","locations":[{"start":{"line":278,"column":6},"end":{"line":284,"column":7}},{"start":{},"end":{}}],"line":278},"9":{"loc":{"start":{"line":289,"column":4},"end":{"line":302,"column":5}},"type":"if","locations":[{"start":{"line":289,"column":4},"end":{"line":302,"column":5}},{"start":{},"end":{}}],"line":289},"10":{"loc":{"start":{"line":293,"column":6},"end":{"line":299,"column":7}},"type":"if","locations":[{"start":{"line":293,"column":6},"end":{"line":299,"column":7}},{"start":{},"end":{}}],"line":293}},"s":{"0":1,"1":1,"2":1,"3":1,"4":1,"5":0,"6":0,"7":0,"8":0,"9":0,"10":0,"11":0,"12":1,"13":0,"14":0,"15":0,"16":0,"17":1,"18":1,"19":1,"20":1,"21":0,"22":0,"23":1,"24":2,"25":2,"26":2,"27":1,"28":1,"29":0,"30":1,"31":0,"32":0,"33":0,"34":0,"35":0,"36":0,"37":0,"38":0,"39":0,"40":0,"41":1,"42":0,"43":0,"44":0,"45":0,"46":0,"47":0,"48":0,"49":0,"50":0,"51":0,"52":0,"53":0,"54":1,"55":1,"56":1,"57":1,"58":0,"59":1,"60":0,"61":1,"62":0,"63":0,"64":0,"65":0,"66":0,"67":0,"68":0,"69":0,"70":0,"71":0,"72":0,"73":0,"74":0,"75":0,"76":0,"77":0,"78":0,"79":0,"80":0,"81":0,"82":0},"f":{"0":1,"1":0,"2":1,"3":2,"4":0,"5":0,"6":1,"7":0},"b":{"0":[1,0],"1":[0],"2":[1,1],"3":[0,0],"4":[0,0],"5":[0,1],"6":[0,0],"7":[0,0],"8":[0,0],"9":[0,0],"10":[0,0]},"_coverageSchema":"1a1c01bbd47fc00a2c39e90264f33305004495a9","hash":"91a0f73efec521f9b6b4e52d18a28b73f759ee8b"}
,"D:\\Student\\Year4\\HK2\\New Technology\\DoAnCNM\\backend\\src\\services\\otp.service.js": {"path":"D:\\Student\\Year4\\HK2\\New Technology\\DoAnCNM\\backend\\src\\services\\otp.service.js","statementMap":{"0":{"start":{"line":3,"column":18},"end":{"line":12,"column":1}},"1":{"start":{"line":4,"column":2},"end":{"line":11,"column":3}},"2":{"start":{"line":5,"column":17},"end":{"line":5,"column":41}},"3":{"start":{"line":6,"column":20},"end":{"line":6,"column":48}},"4":{"start":{"line":7,"column":16},"end":{"line":7,"column":51}},"5":{"start":{"line":8,"column":4},"end":{"line":8,"column":23}},"6":{"start":{"line":10,"column":4},"end":{"line":10,"column":38}},"7":{"start":{"line":13,"column":20},"end":{"line":21,"column":1}},"8":{"start":{"line":14,"column":2},"end":{"line":20,"column":3}},"9":{"start":{"line":15,"column":20},"end":{"line":15,"column":54}},"10":{"start":{"line":16,"column":4},"end":{"line":16,"column":19}},"11":{"start":{"line":18,"column":4},"end":{"line":18,"column":44}},"12":{"start":{"line":19,"column":4},"end":{"line":19,"column":38}}},"fnMap":{"0":{"name":"(anonymous_0)","decl":{"start":{"line":3,"column":18},"end":{"line":3,"column":19}},"loc":{"start":{"line":3,"column":40},"end":{"line":12,"column":1}},"line":3},"1":{"name":"(anonymous_1)","decl":{"start":{"line":13,"column":20},"end":{"line":13,"column":21}},"loc":{"start":{"line":13,"column":48},"end":{"line":21,"column":1}},"line":13}},"branchMap":{"0":{"loc":{"start":{"line":8,"column":11},"end":{"line":8,"column":22}},"type":"cond-expr","locations":[{"start":{"line":8,"column":17},"end":{"line":8,"column":18}},{"start":{"line":8,"column":21},"end":{"line":8,"column":22}}],"line":8}},"s":{"0":1,"1":2,"2":2,"3":1,"4":1,"5":1,"6":1,"7":1,"8":2,"9":2,"10":1,"11":1,"12":1},"f":{"0":2,"1":2},"b":{"0":[1,0]},"_coverageSchema":"1a1c01bbd47fc00a2c39e90264f33305004495a9","hash":"d88a330ad9bf9b9ca584977ceaf5facc435cca6e"}
,"D:\\Student\\Year4\\HK2\\New Technology\\DoAnCNM\\backend\\src\\services\\user.service.js": {"path":"D:\\Student\\Year4\\HK2\\New Technology\\DoAnCNM\\backend\\src\\services\\user.service.js","statementMap":{"0":{"start":{"line":8,"column":31},"end":{"line":21,"column":1}},"1":{"start":{"line":9,"column":2},"end":{"line":20,"column":3}},"2":{"start":{"line":10,"column":17},"end":{"line":10,"column":79}},"3":{"start":{"line":11,"column":4},"end":{"line":13,"column":5}},"4":{"start":{"line":12,"column":6},"end":{"line":12,"column":53}},"5":{"start":{"line":14,"column":4},"end":{"line":16,"column":5}},"6":{"start":{"line":15,"column":6},"end":{"line":15,"column":68}},"7":{"start":{"line":17,"column":4},"end":{"line":17,"column":46}},"8":{"start":{"line":19,"column":4},"end":{"line":19,"column":46}},"9":{"start":{"line":23,"column":27},"end":{"line":47,"column":1}},"10":{"start":{"line":24,"column":2},"end":{"line":46,"column":3}},"11":{"start":{"line":25,"column":17},"end":{"line":27,"column":13}},"12":{"start":{"line":28,"column":4},"end":{"line":34,"column":5}},"13":{"start":{"line":29,"column":6},"end":{"line":33,"column":8}},"14":{"start":{"line":35,"column":4},"end":{"line":39,"column":6}},"15":{"start":{"line":41,"column":4},"end":{"line":45,"column":6}},"16":{"start":{"line":50,"column":34},"end":{"line":66,"column":1}},"17":{"start":{"line":51,"column":2},"end":{"line":65,"column":3}},"18":{"start":{"line":52,"column":17},"end":{"line":54,"column":13}},"19":{"start":{"line":55,"column":4},"end":{"line":57,"column":5}},"20":{"start":{"line":56,"column":6},"end":{"line":56,"column":53}},"21":{"start":{"line":58,"column":4},"end":{"line":58,"column":46}},"22":{"start":{"line":60,"column":4},"end":{"line":64,"column":6}},"23":{"start":{"line":69,"column":39},"end":{"line":85,"column":1}},"24":{"start":{"line":70,"column":2},"end":{"line":84,"column":3}},"25":{"start":{"line":71,"column":4},"end":{"line":75,"column":7}},"26":{"start":{"line":76,"column":4},"end":{"line":80,"column":7}},"27":{"start":{"line":81,"column":4},"end":{"line":81,"column":44}},"28":{"start":{"line":83,"column":4},"end":{"line":83,"column":48}},"29":{"start":{"line":87,"column":34},"end":{"line":99,"column":1}},"30":{"start":{"line":88,"column":2},"end":{"line":98,"column":3}},"31":{"start":{"line":89,"column":17},"end":{"line":91,"column":13}},"32":{"start":{"line":92,"column":4},"end":{"line":94,"column":5}},"33":{"start":{"line":93,"column":6},"end":{"line":93,"column":53}},"34":{"start":{"line":95,"column":4},"end":{"line":95,"column":61}},"35":{"start":{"line":97,"column":4},"end":{"line":97,"column":48}},"36":{"start":{"line":101,"column":41},"end":{"line":137,"column":1}},"37":{"start":{"line":102,"column":2},"end":{"line":136,"column":3}},"38":{"start":{"line":103,"column":19},"end":{"line":103,"column":48}},"39":{"start":{"line":104,"column":21},"end":{"line":104,"column":52}},"40":{"start":{"line":106,"column":4},"end":{"line":108,"column":5}},"41":{"start":{"line":107,"column":6},"end":{"line":107,"column":53}},"42":{"start":{"line":111,"column":4},"end":{"line":116,"column":5}},"43":{"start":{"line":115,"column":6},"end":{"line":115,"column":64}},"44":{"start":{"line":117,"column":4},"end":{"line":117,"column":36}},"45":{"start":{"line":118,"column":4},"end":{"line":118,"column":36}},"46":{"start":{"line":120,"column":4},"end":{"line":122,"column":6}},"47":{"start":{"line":121,"column":18},"end":{"line":121,"column":59}},"48":{"start":{"line":123,"column":4},"end":{"line":125,"column":6}},"49":{"start":{"line":124,"column":18},"end":{"line":124,"column":61}},"50":{"start":{"line":127,"column":25},"end":{"line":129,"column":6}},"51":{"start":{"line":130,"column":4},"end":{"line":130,"column":24}},"52":{"start":{"line":131,"column":4},"end":{"line":131,"column":26}},"53":{"start":{"line":132,"column":4},"end":{"line":132,"column":30}},"54":{"start":{"line":133,"column":4},"end":{"line":133,"column":44}},"55":{"start":{"line":135,"column":4},"end":{"line":135,"column":48}},"56":{"start":{"line":139,"column":41},"end":{"line":161,"column":1}},"57":{"start":{"line":140,"column":2},"end":{"line":160,"column":3}},"58":{"start":{"line":141,"column":19},"end":{"line":141,"column":48}},"59":{"start":{"line":142,"column":21},"end":{"line":142,"column":52}},"60":{"start":{"line":143,"column":4},"end":{"line":145,"column":5}},"61":{"start":{"line":144,"column":6},"end":{"line":144,"column":53}},"62":{"start":{"line":146,"column":4},"end":{"line":148,"column":5}},"63":{"start":{"line":147,"column":6},"end":{"line":147,"column":63}},"64":{"start":{"line":149,"column":4},"end":{"line":151,"column":6}},"65":{"start":{"line":150,"column":18},"end":{"line":150,"column":48}},"66":{"start":{"line":152,"column":4},"end":{"line":154,"column":6}},"67":{"start":{"line":153,"column":18},"end":{"line":153,"column":61}},"68":{"start":{"line":155,"column":4},"end":{"line":155,"column":24}},"69":{"start":{"line":156,"column":4},"end":{"line":156,"column":26}},"70":{"start":{"line":157,"column":4},"end":{"line":157,"column":44}},"71":{"start":{"line":159,"column":4},"end":{"line":159,"column":48}},"72":{"start":{"line":162,"column":38},"end":{"line":174,"column":1}},"73":{"start":{"line":163,"column":2},"end":{"line":173,"column":3}},"74":{"start":{"line":164,"column":17},"end":{"line":166,"column":13}},"75":{"start":{"line":167,"column":4},"end":{"line":169,"column":5}},"76":{"start":{"line":168,"column":6},"end":{"line":168,"column":53}},"77":{"start":{"line":170,"column":4},"end":{"line":170,"column":65}},"78":{"start":{"line":172,"column":4},"end":{"line":172,"column":48}},"79":{"start":{"line":175,"column":34},"end":{"line":185,"column":1}},"80":{"start":{"line":176,"column":2},"end":{"line":184,"column":3}},"81":{"start":{"line":177,"column":17},"end":{"line":177,"column":71}},"82":{"start":{"line":178,"column":4},"end":{"line":180,"column":5}},"83":{"start":{"line":179,"column":6},"end":{"line":179,"column":53}},"84":{"start":{"line":181,"column":4},"end":{"line":181,"column":46}},"85":{"start":{"line":183,"column":4},"end":{"line":183,"column":48}},"86":{"start":{"line":187,"column":37},"end":{"line":199,"column":1}},"87":{"start":{"line":188,"column":2},"end":{"line":198,"column":3}},"88":{"start":{"line":189,"column":17},"end":{"line":189,"column":52}},"89":{"start":{"line":190,"column":4},"end":{"line":190,"column":37}},"90":{"start":{"line":191,"column":4},"end":{"line":191,"column":41}},"91":{"start":{"line":192,"column":4},"end":{"line":192,"column":51}},"92":{"start":{"line":193,"column":4},"end":{"line":193,"column":39}},"93":{"start":{"line":194,"column":4},"end":{"line":194,"column":22}},"94":{"start":{"line":195,"column":4},"end":{"line":195,"column":46}},"95":{"start":{"line":197,"column":4},"end":{"line":197,"column":48}},"96":{"start":{"line":201,"column":38},"end":{"line":213,"column":1}},"97":{"start":{"line":202,"column":2},"end":{"line":212,"column":3}},"98":{"start":{"line":203,"column":17},"end":{"line":203,"column":52}},"99":{"start":{"line":204,"column":4},"end":{"line":206,"column":5}},"100":{"start":{"line":205,"column":6},"end":{"line":205,"column":53}},"101":{"start":{"line":207,"column":4},"end":{"line":207,"column":24}},"102":{"start":{"line":208,"column":4},"end":{"line":208,"column":22}},"103":{"start":{"line":209,"column":4},"end":{"line":209,"column":44}},"104":{"start":{"line":211,"column":4},"end":{"line":211,"column":48}},"105":{"start":{"line":215,"column":43},"end":{"line":252,"column":1}},"106":{"start":{"line":216,"column":2},"end":{"line":251,"column":3}},"107":{"start":{"line":218,"column":17},"end":{"line":218,"column":64}},"108":{"start":{"line":221,"column":22},"end":{"line":221,"column":62}},"109":{"start":{"line":221,"column":51},"end":{"line":221,"column":61}},"110":{"start":{"line":224,"column":18},"end":{"line":224,"column":47}},"111":{"start":{"line":225,"column":4},"end":{"line":227,"column":5}},"112":{"start":{"line":226,"column":6},"end":{"line":226,"column":54}},"113":{"start":{"line":230,"column":35},"end":{"line":232,"column":5}},"114":{"start":{"line":231,"column":14},"end":{"line":231,"column":44}},"115":{"start":{"line":235,"column":30},"end":{"line":238,"column":26}},"116":{"start":{"line":240,"column":4},"end":{"line":244,"column":6}},"117":{"start":{"line":246,"column":4},"end":{"line":250,"column":6}},"118":{"start":{"line":253,"column":35},"end":{"line":278,"column":1}},"119":{"start":{"line":254,"column":2},"end":{"line":277,"column":3}},"120":{"start":{"line":256,"column":4},"end":{"line":258,"column":7}},"121":{"start":{"line":260,"column":4},"end":{"line":262,"column":7}},"122":{"start":{"line":263,"column":4},"end":{"line":265,"column":7}},"123":{"start":{"line":266,"column":4},"end":{"line":270,"column":6}},"124":{"start":{"line":272,"column":4},"end":{"line":276,"column":6}}},"fnMap":{"0":{"name":"(anonymous_0)","decl":{"start":{"line":8,"column":31},"end":{"line":8,"column":32}},"loc":{"start":{"line":8,"column":58},"end":{"line":21,"column":1}},"line":8},"1":{"name":"(anonymous_1)","decl":{"start":{"line":23,"column":27},"end":{"line":23,"column":28}},"loc":{"start":{"line":23,"column":45},"end":{"line":47,"column":1}},"line":23},"2":{"name":"(anonymous_2)","decl":{"start":{"line":50,"column":34},"end":{"line":50,"column":35}},"loc":{"start":{"line":50,"column":52},"end":{"line":66,"column":1}},"line":50},"3":{"name":"(anonymous_3)","decl":{"start":{"line":69,"column":39},"end":{"line":69,"column":40}},"loc":{"start":{"line":69,"column":67},"end":{"line":85,"column":1}},"line":69},"4":{"name":"(anonymous_4)","decl":{"start":{"line":87,"column":34},"end":{"line":87,"column":35}},"loc":{"start":{"line":87,"column":52},"end":{"line":99,"column":1}},"line":87},"5":{"name":"(anonymous_5)","decl":{"start":{"line":101,"column":41},"end":{"line":101,"column":42}},"loc":{"start":{"line":101,"column":73},"end":{"line":137,"column":1}},"line":101},"6":{"name":"(anonymous_6)","decl":{"start":{"line":121,"column":6},"end":{"line":121,"column":7}},"loc":{"start":{"line":121,"column":18},"end":{"line":121,"column":59}},"line":121},"7":{"name":"(anonymous_7)","decl":{"start":{"line":124,"column":6},"end":{"line":124,"column":7}},"loc":{"start":{"line":124,"column":18},"end":{"line":124,"column":61}},"line":124},"8":{"name":"(anonymous_8)","decl":{"start":{"line":139,"column":41},"end":{"line":139,"column":42}},"loc":{"start":{"line":139,"column":73},"end":{"line":161,"column":1}},"line":139},"9":{"name":"(anonymous_9)","decl":{"start":{"line":150,"column":6},"end":{"line":150,"column":7}},"loc":{"start":{"line":150,"column":18},"end":{"line":150,"column":48}},"line":150},"10":{"name":"(anonymous_10)","decl":{"start":{"line":153,"column":6},"end":{"line":153,"column":7}},"loc":{"start":{"line":153,"column":18},"end":{"line":153,"column":61}},"line":153},"11":{"name":"(anonymous_11)","decl":{"start":{"line":162,"column":38},"end":{"line":162,"column":39}},"loc":{"start":{"line":162,"column":56},"end":{"line":174,"column":1}},"line":162},"12":{"name":"(anonymous_12)","decl":{"start":{"line":175,"column":34},"end":{"line":175,"column":35}},"loc":{"start":{"line":175,"column":52},"end":{"line":185,"column":1}},"line":175},"13":{"name":"(anonymous_13)","decl":{"start":{"line":187,"column":37},"end":{"line":187,"column":38}},"loc":{"start":{"line":187,"column":72},"end":{"line":199,"column":1}},"line":187},"14":{"name":"(anonymous_14)","decl":{"start":{"line":201,"column":38},"end":{"line":201,"column":39}},"loc":{"start":{"line":201,"column":63},"end":{"line":213,"column":1}},"line":201},"15":{"name":"(anonymous_15)","decl":{"start":{"line":215,"column":43},"end":{"line":215,"column":44}},"loc":{"start":{"line":215,"column":70},"end":{"line":252,"column":1}},"line":215},"16":{"name":"(anonymous_16)","decl":{"start":{"line":221,"column":39},"end":{"line":221,"column":40}},"loc":{"start":{"line":221,"column":51},"end":{"line":221,"column":61}},"line":221},"17":{"name":"(anonymous_17)","decl":{"start":{"line":231,"column":6},"end":{"line":231,"column":7}},"loc":{"start":{"line":231,"column":14},"end":{"line":231,"column":44}},"line":231},"18":{"name":"(anonymous_18)","decl":{"start":{"line":253,"column":35},"end":{"line":253,"column":36}},"loc":{"start":{"line":253,"column":63},"end":{"line":278,"column":1}},"line":253}},"branchMap":{"0":{"loc":{"start":{"line":11,"column":4},"end":{"line":13,"column":5}},"type":"if","locations":[{"start":{"line":11,"column":4},"end":{"line":13,"column":5}},{"start":{},"end":{}}],"line":11},"1":{"loc":{"start":{"line":14,"column":4},"end":{"line":16,"column":5}},"type":"if","locations":[{"start":{"line":14,"column":4},"end":{"line":16,"column":5}},{"start":{},"end":{}}],"line":14},"2":{"loc":{"start":{"line":28,"column":4},"end":{"line":34,"column":5}},"type":"if","locations":[{"start":{"line":28,"column":4},"end":{"line":34,"column":5}},{"start":{},"end":{}}],"line":28},"3":{"loc":{"start":{"line":55,"column":4},"end":{"line":57,"column":5}},"type":"if","locations":[{"start":{"line":55,"column":4},"end":{"line":57,"column":5}},{"start":{},"end":{}}],"line":55},"4":{"loc":{"start":{"line":92,"column":4},"end":{"line":94,"column":5}},"type":"if","locations":[{"start":{"line":92,"column":4},"end":{"line":94,"column":5}},{"start":{},"end":{}}],"line":92},"5":{"loc":{"start":{"line":106,"column":4},"end":{"line":108,"column":5}},"type":"if","locations":[{"start":{"line":106,"column":4},"end":{"line":108,"column":5}},{"start":{},"end":{}}],"line":106},"6":{"loc":{"start":{"line":106,"column":8},"end":{"line":106,"column":28}},"type":"binary-expr","locations":[{"start":{"line":106,"column":8},"end":{"line":106,"column":15}},{"start":{"line":106,"column":19},"end":{"line":106,"column":28}}],"line":106},"7":{"loc":{"start":{"line":111,"column":4},"end":{"line":116,"column":5}},"type":"if","locations":[{"start":{"line":111,"column":4},"end":{"line":116,"column":5}},{"start":{},"end":{}}],"line":111},"8":{"loc":{"start":{"line":112,"column":6},"end":{"line":113,"column":41}},"type":"binary-expr","locations":[{"start":{"line":112,"column":6},"end":{"line":112,"column":41}},{"start":{"line":113,"column":6},"end":{"line":113,"column":41}}],"line":112},"9":{"loc":{"start":{"line":143,"column":4},"end":{"line":145,"column":5}},"type":"if","locations":[{"start":{"line":143,"column":4},"end":{"line":145,"column":5}},{"start":{},"end":{}}],"line":143},"10":{"loc":{"start":{"line":143,"column":8},"end":{"line":143,"column":28}},"type":"binary-expr","locations":[{"start":{"line":143,"column":8},"end":{"line":143,"column":15}},{"start":{"line":143,"column":19},"end":{"line":143,"column":28}}],"line":143},"11":{"loc":{"start":{"line":146,"column":4},"end":{"line":148,"column":5}},"type":"if","locations":[{"start":{"line":146,"column":4},"end":{"line":148,"column":5}},{"start":{},"end":{}}],"line":146},"12":{"loc":{"start":{"line":167,"column":4},"end":{"line":169,"column":5}},"type":"if","locations":[{"start":{"line":167,"column":4},"end":{"line":169,"column":5}},{"start":{},"end":{}}],"line":167},"13":{"loc":{"start":{"line":178,"column":4},"end":{"line":180,"column":5}},"type":"if","locations":[{"start":{"line":178,"column":4},"end":{"line":180,"column":5}},{"start":{},"end":{}}],"line":178},"14":{"loc":{"start":{"line":204,"column":4},"end":{"line":206,"column":5}},"type":"if","locations":[{"start":{"line":204,"column":4},"end":{"line":206,"column":5}},{"start":{},"end":{}}],"line":204},"15":{"loc":{"start":{"line":225,"column":4},"end":{"line":227,"column":5}},"type":"if","locations":[{"start":{"line":225,"column":4},"end":{"line":227,"column":5}},{"start":{},"end":{}}],"line":225}},"s":{"0":1,"1":3,"2":3,"3":3,"4":1,"5":2,"6":1,"7":1,"8":0,"9":1,"10":2,"11":2,"12":2,"13":1,"14":1,"15":0,"16":1,"17":0,"18":0,"19":0,"20":0,"21":0,"22":0,"23":1,"24":0,"25":0,"26":0,"27":0,"28":0,"29":1,"30":0,"31":0,"32":0,"33":0,"34":0,"35":0,"36":1,"37":0,"38":0,"39":0,"40":0,"41":0,"42":0,"43":0,"44":0,"45":0,"46":0,"47":0,"48":0,"49":0,"50":0,"51":0,"52":0,"53":0,"54":0,"55":0,"56":1,"57":3,"58":3,"59":3,"60":3,"61":1,"62":2,"63":1,"64":1,"65":1,"66":1,"67":1,"68":1,"69":1,"70":1,"71":0,"72":1,"73":1,"74":1,"75":1,"76":0,"77":1,"78":0,"79":1,"80":1,"81":1,"82":1,"83":0,"84":1,"85":0,"86":1,"87":1,"88":1,"89":1,"90":1,"91":1,"92":1,"93":1,"94":1,"95":0,"96":1,"97":2,"98":2,"99":2,"100":1,"101":1,"102":1,"103":1,"104":0,"105":1,"106":2,"107":2,"108":0,"109":0,"110":0,"111":0,"112":0,"113":0,"114":0,"115":0,"116":0,"117":2,"118":1,"119":1,"120":1,"121":1,"122":1,"123":1,"124":0},"f":{"0":3,"1":2,"2":0,"3":0,"4":0,"5":0,"6":0,"7":0,"8":3,"9":1,"10":1,"11":1,"12":1,"13":1,"14":2,"15":2,"16":0,"17":0,"18":1},"b":{"0":[1,2],"1":[1,1],"2":[1,1],"3":[0,0],"4":[0,0],"5":[0,0],"6":[0,0],"7":[0,0],"8":[0,0],"9":[1,2],"10":[3,2],"11":[1,1],"12":[0,1],"13":[0,1],"14":[1,1],"15":[0,0]},"_coverageSchema":"1a1c01bbd47fc00a2c39e90264f33305004495a9","hash":"ffe8b208c1cd57d3fe907e1846ed1384100d0c14"}
}
