TN:
SF:src\helpers\winston.log.js
FN:12,(anonymous_0)
FN:34,(anonymous_1)
FN:66,(anonymous_2)
FNF:3
FNH:1
FNDA:2,(anonymous_0)
FNDA:0,(anonymous_1)
FNDA:0,(anonymous_2)
DA:4,2
DA:5,2
DA:12,2
DA:13,2
DA:14,2
DA:15,2
DA:17,2
DA:24,2
DA:26,2
DA:34,0
DA:61,2
DA:66,0
LF:12
LH:10
BRDA:13,0,0,2
BRDA:13,0,1,0
BRDA:15,1,0,0
BRDA:15,1,1,2
BRF:4
BRH:2
end_of_record
TN:
SF:src\models\conversation.model.js
FNF:0
FNH:0
DA:2,4
DA:33,4
LF:2
LH:2
BRF:0
BRH:0
end_of_record
TN:
SF:src\models\group.model.js
FNF:0
FNH:0
DA:2,3
DA:31,3
LF:2
LH:2
BRF:0
BRH:0
end_of_record
TN:
SF:src\models\message.model.js
FNF:0
FNH:0
DA:3,2
DA:41,2
LF:2
LH:2
BRF:0
BRH:0
end_of_record
TN:
SF:src\models\otp.model.js
FNF:0
FNH:0
DA:4,1
DA:17,1
LF:2
LH:2
BRF:0
BRH:0
end_of_record
TN:
SF:src\models\user.model.js
FNF:0
FNH:0
DA:2,3
DA:73,3
LF:2
LH:2
BRF:0
BRH:0
end_of_record
TN:
SF:src\services\admin.service.js
FN:7,(anonymous_0)
FN:32,(anonymous_1)
FN:51,(anonymous_2)
FN:68,(anonymous_3)
FN:89,(anonymous_4)
FN:124,(anonymous_5)
FN:150,(anonymous_6)
FNF:7
FNH:5
FNDA:1,(anonymous_0)
FNDA:1,(anonymous_1)
FNDA:0,(anonymous_2)
FNDA:1,(anonymous_3)
FNDA:1,(anonymous_4)
FNDA:1,(anonymous_5)
FNDA:0,(anonymous_6)
DA:7,1
DA:8,1
DA:9,1
DA:10,1
DA:11,1
DA:12,1
DA:13,1
DA:24,0
DA:25,0
DA:32,1
DA:33,1
DA:34,1
DA:37,1
DA:43,0
DA:44,0
DA:51,1
DA:52,0
DA:53,0
DA:54,0
DA:60,0
DA:61,0
DA:68,1
DA:69,1
DA:70,1
DA:74,1
DA:80,0
DA:81,0
DA:89,1
DA:94,1
DA:96,1
DA:98,1
DA:99,1
DA:101,1
DA:109,1
DA:115,0
DA:116,0
DA:124,1
DA:125,1
DA:126,1
DA:127,1
DA:128,1
DA:129,1
DA:135,1
DA:141,0
DA:142,0
DA:150,1
DA:151,0
DA:153,0
DA:178,0
DA:185,0
LF:50
LH:31
BRDA:181,0,0,0
BRDA:181,0,1,0
BRF:2
BRH:0
end_of_record
TN:
SF:src\services\group.service.js
FN:4,(anonymous_0)
FN:32,(anonymous_1)
FN:60,(anonymous_2)
FN:82,(anonymous_3)
FN:125,(anonymous_4)
FN:137,(anonymous_5)
FN:157,(anonymous_6)
FN:168,(anonymous_7)
FN:174,(anonymous_8)
FN:191,(anonymous_9)
FN:217,(anonymous_10)
FN:228,(anonymous_11)
FN:234,(anonymous_12)
FN:251,(anonymous_13)
FN:283,(anonymous_14)
FN:314,(anonymous_15)
FN:340,(anonymous_16)
FNF:17
FNH:6
FNDA:3,(anonymous_0)
FNDA:2,(anonymous_1)
FNDA:0,(anonymous_2)
FNDA:0,(anonymous_3)
FNDA:3,(anonymous_4)
FNDA:2,(anonymous_5)
FNDA:0,(anonymous_6)
FNDA:0,(anonymous_7)
FNDA:0,(anonymous_8)
FNDA:0,(anonymous_9)
FNDA:0,(anonymous_10)
FNDA:0,(anonymous_11)
FNDA:0,(anonymous_12)
FNDA:0,(anonymous_13)
FNDA:0,(anonymous_14)
FNDA:2,(anonymous_15)
FNDA:2,(anonymous_16)
DA:4,1
DA:5,3
DA:6,3
DA:7,1
DA:14,2
DA:15,1
DA:21,1
DA:22,1
DA:30,1
DA:32,1
DA:33,2
DA:34,2
DA:35,2
DA:39,1
DA:42,1
DA:43,1
DA:44,1
DA:45,1
DA:51,0
DA:60,1
DA:61,0
DA:62,0
DA:68,0
DA:74,0
DA:82,1
DA:83,0
DA:84,0
DA:85,0
DA:86,0
DA:92,0
DA:93,0
DA:94,0
DA:96,0
DA:110,0
DA:111,0
DA:117,0
DA:125,1
DA:126,3
DA:127,3
DA:128,2
DA:129,1
DA:135,1
DA:137,1
DA:138,2
DA:139,2
DA:140,2
DA:142,1
DA:143,1
DA:149,1
DA:157,1
DA:158,0
DA:159,0
DA:160,0
DA:161,0
DA:167,0
DA:168,0
DA:170,0
DA:171,0
DA:173,0
DA:174,0
DA:175,0
DA:176,0
DA:177,0
DA:183,0
DA:191,1
DA:192,0
DA:193,0
DA:194,0
DA:195,0
DA:201,0
DA:202,0
DA:203,0
DA:209,0
DA:217,1
DA:218,0
DA:219,0
DA:220,0
DA:221,0
DA:227,0
DA:228,0
DA:230,0
DA:231,0
DA:233,0
DA:234,0
DA:235,0
DA:236,0
DA:237,0
DA:243,0
DA:251,1
DA:252,0
DA:253,0
DA:258,0
DA:259,0
DA:265,0
DA:266,0
DA:268,0
DA:269,0
DA:275,0
DA:283,1
DA:284,0
DA:286,0
DA:290,0
DA:291,0
DA:297,0
DA:306,0
DA:314,1
DA:315,2
DA:316,2
DA:317,2
DA:318,1
DA:324,1
DA:325,1
DA:326,1
DA:332,0
DA:340,1
DA:341,2
DA:342,2
DA:346,2
DA:347,1
DA:354,1
DA:360,0
LF:121
LH:52
BRDA:6,0,0,1
BRDA:6,0,1,2
BRDA:14,1,0,1
BRDA:14,1,1,1
BRDA:85,2,0,0
BRDA:85,2,1,0
BRDA:100,3,0,0
BRDA:100,3,1,0
BRDA:128,4,0,1
BRDA:128,4,1,1
BRDA:160,5,0,0
BRDA:160,5,1,0
BRDA:170,6,0,0
BRDA:170,6,1,0
BRDA:170,7,0,0
BRDA:170,7,1,0
BRDA:194,8,0,0
BRDA:194,8,1,0
BRDA:220,9,0,0
BRDA:220,9,1,0
BRDA:230,10,0,0
BRDA:230,10,1,0
BRDA:258,11,0,0
BRDA:258,11,1,0
BRDA:290,12,0,0
BRDA:290,12,1,0
BRDA:317,13,0,1
BRDA:317,13,1,1
BRDA:346,14,0,1
BRDA:346,14,1,1
BRF:30
BRH:10
end_of_record
TN:
SF:src\services\message.service.js
FN:5,(anonymous_0)
FN:50,(anonymous_1)
FN:82,(anonymous_2)
FN:110,(anonymous_3)
FN:136,(anonymous_4)
FN:167,(anonymous_5)
FN:213,(anonymous_6)
FN:246,(anonymous_7)
FNF:8
FNH:4
FNDA:1,(anonymous_0)
FNDA:0,(anonymous_1)
FNDA:1,(anonymous_2)
FNDA:2,(anonymous_3)
FNDA:0,(anonymous_4)
FNDA:0,(anonymous_5)
FNDA:1,(anonymous_6)
FNDA:0,(anonymous_7)
DA:5,1
DA:11,1
DA:13,1
DA:16,1
DA:17,1
DA:23,0
DA:29,0
DA:30,0
DA:34,0
DA:35,0
DA:36,0
DA:42,0
DA:50,1
DA:51,0
DA:52,0
DA:68,0
DA:74,0
DA:82,1
DA:83,1
DA:84,1
DA:95,1
DA:101,0
DA:102,0
DA:110,1
DA:111,2
DA:112,2
DA:115,2
DA:116,1
DA:122,1
DA:128,0
DA:136,1
DA:137,0
DA:138,0
DA:139,0
DA:140,0
DA:147,0
DA:150,0
DA:151,0
DA:152,0
DA:158,0
DA:159,0
DA:167,1
DA:173,0
DA:174,0
DA:180,0
DA:181,0
DA:186,0
DA:189,0
DA:190,0
DA:191,0
DA:197,0
DA:198,0
DA:199,0
DA:205,0
DA:213,1
DA:214,1
DA:215,1
DA:225,1
DA:226,0
DA:232,1
DA:238,0
DA:246,1
DA:252,0
DA:253,0
DA:254,0
DA:255,0
DA:261,0
DA:268,0
DA:269,0
DA:274,0
DA:275,0
DA:278,0
DA:279,0
DA:285,0
DA:286,0
DA:289,0
DA:290,0
DA:293,0
DA:294,0
DA:300,0
DA:301,0
DA:303,0
DA:309,0
LF:83
LH:24
BRDA:16,0,0,1
BRDA:16,0,1,0
BRDA:50,1,0,0
BRDA:115,2,0,1
BRDA:115,2,1,1
BRDA:139,3,0,0
BRDA:139,3,1,0
BRDA:190,4,0,0
BRDA:190,4,1,0
BRDA:225,5,0,0
BRDA:225,5,1,1
BRDA:254,6,0,0
BRDA:254,6,1,0
BRDA:274,7,0,0
BRDA:274,7,1,0
BRDA:278,8,0,0
BRDA:278,8,1,0
BRDA:289,9,0,0
BRDA:289,9,1,0
BRDA:293,10,0,0
BRDA:293,10,1,0
BRF:21
BRH:4
end_of_record
TN:
SF:src\services\otp.service.js
FN:3,(anonymous_0)
FN:13,(anonymous_1)
FNF:2
FNH:2
FNDA:2,(anonymous_0)
FNDA:2,(anonymous_1)
DA:3,1
DA:4,2
DA:5,2
DA:6,1
DA:7,1
DA:8,1
DA:10,1
DA:13,1
DA:14,2
DA:15,2
DA:16,1
DA:18,1
DA:19,1
LF:13
LH:13
BRDA:8,0,0,1
BRDA:8,0,1,0
BRF:2
BRH:1
end_of_record
TN:
SF:src\services\user.service.js
FN:8,(anonymous_0)
FN:23,(anonymous_1)
FN:50,(anonymous_2)
FN:69,(anonymous_3)
FN:87,(anonymous_4)
FN:101,(anonymous_5)
FN:121,(anonymous_6)
FN:124,(anonymous_7)
FN:139,(anonymous_8)
FN:150,(anonymous_9)
FN:153,(anonymous_10)
FN:162,(anonymous_11)
FN:175,(anonymous_12)
FN:187,(anonymous_13)
FN:201,(anonymous_14)
FN:215,(anonymous_15)
FN:221,(anonymous_16)
FN:231,(anonymous_17)
FN:253,(anonymous_18)
FNF:19
FNH:11
FNDA:3,(anonymous_0)
FNDA:2,(anonymous_1)
FNDA:0,(anonymous_2)
FNDA:0,(anonymous_3)
FNDA:0,(anonymous_4)
FNDA:0,(anonymous_5)
FNDA:0,(anonymous_6)
FNDA:0,(anonymous_7)
FNDA:3,(anonymous_8)
FNDA:1,(anonymous_9)
FNDA:1,(anonymous_10)
FNDA:1,(anonymous_11)
FNDA:1,(anonymous_12)
FNDA:1,(anonymous_13)
FNDA:2,(anonymous_14)
FNDA:2,(anonymous_15)
FNDA:0,(anonymous_16)
FNDA:0,(anonymous_17)
FNDA:1,(anonymous_18)
DA:8,1
DA:9,3
DA:10,3
DA:11,3
DA:12,1
DA:14,2
DA:15,1
DA:17,1
DA:19,0
DA:23,1
DA:24,2
DA:25,2
DA:28,2
DA:29,1
DA:35,1
DA:41,0
DA:50,1
DA:51,0
DA:52,0
DA:55,0
DA:56,0
DA:58,0
DA:60,0
DA:69,1
DA:70,0
DA:71,0
DA:76,0
DA:81,0
DA:83,0
DA:87,1
DA:88,0
DA:89,0
DA:92,0
DA:93,0
DA:95,0
DA:97,0
DA:101,1
DA:102,0
DA:103,0
DA:104,0
DA:106,0
DA:107,0
DA:111,0
DA:115,0
DA:117,0
DA:118,0
DA:120,0
DA:121,0
DA:123,0
DA:124,0
DA:127,0
DA:130,0
DA:131,0
DA:132,0
DA:133,0
DA:135,0
DA:139,1
DA:140,3
DA:141,3
DA:142,3
DA:143,3
DA:144,1
DA:146,2
DA:147,1
DA:149,1
DA:150,1
DA:152,1
DA:153,1
DA:155,1
DA:156,1
DA:157,1
DA:159,0
DA:162,1
DA:163,1
DA:164,1
DA:167,1
DA:168,0
DA:170,1
DA:172,0
DA:175,1
DA:176,1
DA:177,1
DA:178,1
DA:179,0
DA:181,1
DA:183,0
DA:187,1
DA:188,1
DA:189,1
DA:190,1
DA:191,1
DA:192,1
DA:193,1
DA:194,1
DA:195,1
DA:197,0
DA:201,1
DA:202,2
DA:203,2
DA:204,2
DA:205,1
DA:207,1
DA:208,1
DA:209,1
DA:211,0
DA:215,1
DA:216,2
DA:218,2
DA:221,0
DA:224,0
DA:225,0
DA:226,0
DA:230,0
DA:231,0
DA:235,0
DA:240,0
DA:246,2
DA:253,1
DA:254,1
DA:256,1
DA:260,1
DA:263,1
DA:266,1
DA:272,0
LF:124
LH:70
BRDA:11,0,0,1
BRDA:11,0,1,2
BRDA:14,1,0,1
BRDA:14,1,1,1
BRDA:28,2,0,1
BRDA:28,2,1,1
BRDA:55,3,0,0
BRDA:55,3,1,0
BRDA:92,4,0,0
BRDA:92,4,1,0
BRDA:106,5,0,0
BRDA:106,5,1,0
BRDA:106,6,0,0
BRDA:106,6,1,0
BRDA:111,7,0,0
BRDA:111,7,1,0
BRDA:112,8,0,0
BRDA:112,8,1,0
BRDA:143,9,0,1
BRDA:143,9,1,2
BRDA:143,10,0,3
BRDA:143,10,1,2
BRDA:146,11,0,1
BRDA:146,11,1,1
BRDA:167,12,0,0
BRDA:167,12,1,1
BRDA:178,13,0,0
BRDA:178,13,1,1
BRDA:204,14,0,1
BRDA:204,14,1,1
BRDA:225,15,0,0
BRDA:225,15,1,0
BRF:32
BRH:16
end_of_record
